[2024-07-21 12:34:42,178: INFO: main: Welcome to our custom log]
[2024-07-21 17:02:55,457: INFO: common: yaml file: Mnist_fashion_model\config\config.yaml loaded successfully]
[2024-07-21 17:04:25,975: INFO: common: yaml file: config\config.yaml loaded successfully]
[2024-07-21 17:04:25,975: INFO: common: yaml file: params.yaml loaded successfully]
[2024-07-21 17:05:14,073: INFO: common: yaml file: config\config.yaml loaded successfully]
[2024-07-21 17:05:14,080: INFO: common: yaml file: params.yaml loaded successfully]
[2024-07-21 17:05:14,093: INFO: common: created directory at: artifacts]
[2024-07-21 17:05:14,093: INFO: common: created directory at: artifacts/data_ingestion]
[2024-07-21 17:05:14,093: INFO: 2088938330: Downloading data from <module 'torchvision.datasets' from 'c:\\Users\\bohra\\anaconda3\\envs\\honey_mnist\\lib\\site-packages\\torchvision\\datasets\\__init__.py'> into folder ('artifacts/data_ingestion/train_data',),artifacts/data_ingestion/test_data]
[2024-07-21 17:07:43,056: INFO: 2088938330: Downloaded data from <module 'torchvision.datasets' from 'c:\\Users\\bohra\\anaconda3\\envs\\honey_mnist\\lib\\site-packages\\torchvision\\datasets\\__init__.py'> into folder ('artifacts/data_ingestion/train_data',),artifacts/data_ingestion/test_data]
[2024-07-21 17:13:04,093: INFO: common: yaml file: config\config.yaml loaded successfully]
[2024-07-21 17:13:04,099: INFO: common: yaml file: params.yaml loaded successfully]
[2024-07-21 17:13:04,101: INFO: common: created directory at: artifacts]
[2024-07-21 17:13:04,102: INFO: common: created directory at: artifacts/data_ingestion]
[2024-07-21 17:13:04,107: INFO: 2088938330: Downloading data from <module 'torchvision.datasets' from 'c:\\Users\\bohra\\anaconda3\\envs\\honey_mnist\\lib\\site-packages\\torchvision\\datasets\\__init__.py'> into folder ('artifacts/data_ingestion',),artifacts/data_ingestion]
[2024-07-21 17:13:04,203: INFO: 2088938330: Downloaded data from <module 'torchvision.datasets' from 'c:\\Users\\bohra\\anaconda3\\envs\\honey_mnist\\lib\\site-packages\\torchvision\\datasets\\__init__.py'> into folder ('artifacts/data_ingestion',),artifacts/data_ingestion]
[2024-07-21 17:13:32,937: INFO: common: yaml file: config\config.yaml loaded successfully]
[2024-07-21 17:13:32,937: INFO: common: yaml file: params.yaml loaded successfully]
[2024-07-21 17:13:32,937: INFO: common: created directory at: artifacts]
[2024-07-21 17:13:32,937: INFO: common: created directory at: artifacts/data_ingestion]
[2024-07-21 17:13:32,952: INFO: 2088938330: Downloading data from <module 'torchvision.datasets' from 'c:\\Users\\bohra\\anaconda3\\envs\\honey_mnist\\lib\\site-packages\\torchvision\\datasets\\__init__.py'> into folder ('artifacts/data_ingestion',),artifacts/data_ingestion]
[2024-07-21 17:17:11,588: INFO: common: yaml file: config\config.yaml loaded successfully]
[2024-07-21 17:17:11,600: INFO: common: yaml file: params.yaml loaded successfully]
[2024-07-21 17:17:11,607: INFO: common: created directory at: artifacts]
[2024-07-21 17:17:11,610: INFO: common: created directory at: artifacts/data_ingestion]
[2024-07-21 17:17:11,614: INFO: 1779598779: Downloading data from <module 'torchvision.datasets' from 'c:\\Users\\bohra\\anaconda3\\envs\\honey_mnist\\lib\\site-packages\\torchvision\\datasets\\__init__.py'> into folder ('artifacts/data_ingestion',),artifacts/data_ingestion]
[2024-07-21 17:17:32,197: INFO: common: yaml file: config\config.yaml loaded successfully]
[2024-07-21 17:17:32,203: INFO: common: yaml file: params.yaml loaded successfully]
[2024-07-21 17:17:32,203: INFO: common: created directory at: artifacts]
[2024-07-21 17:17:32,203: INFO: common: created directory at: artifacts/data_ingestion]
[2024-07-21 17:17:32,208: INFO: 1779598779: Downloading data from <module 'torchvision.datasets' from 'c:\\Users\\bohra\\anaconda3\\envs\\honey_mnist\\lib\\site-packages\\torchvision\\datasets\\__init__.py'> into folder ('artifacts/data_ingestion',),artifacts/data_ingestion]
[2024-07-21 17:18:47,418: INFO: common: yaml file: config\config.yaml loaded successfully]
[2024-07-21 17:18:47,422: INFO: common: yaml file: params.yaml loaded successfully]
[2024-07-21 17:18:47,424: INFO: common: created directory at: artifacts]
[2024-07-21 17:18:47,425: INFO: common: created directory at: artifacts/data_ingestion]
[2024-07-21 17:18:47,427: INFO: 3276001153: Downloading data from <module 'torchvision.datasets' from 'c:\\Users\\bohra\\anaconda3\\envs\\honey_mnist\\lib\\site-packages\\torchvision\\datasets\\__init__.py'> into folder ('artifacts/data_ingestion',),artifacts/data_ingestion]
[2024-07-21 17:24:28,644: INFO: common: yaml file: config\config.yaml loaded successfully]
[2024-07-21 17:24:28,657: INFO: common: yaml file: params.yaml loaded successfully]
[2024-07-21 17:24:28,663: INFO: common: created directory at: artifacts]
[2024-07-21 17:24:28,667: INFO: common: created directory at: artifacts/data_ingestion]
[2024-07-21 17:24:28,668: INFO: 1779598779: Downloading data from <module 'torchvision.datasets' from 'c:\\Users\\bohra\\anaconda3\\envs\\honey_mnist\\lib\\site-packages\\torchvision\\datasets\\__init__.py'> into folder ('artifacts/data_ingestion',),artifacts/data_ingestion]
[2024-07-21 17:26:21,116: INFO: common: yaml file: config\config.yaml loaded successfully]
[2024-07-21 17:26:21,132: INFO: common: yaml file: params.yaml loaded successfully]
[2024-07-21 17:26:21,132: INFO: common: created directory at: artifacts]
[2024-07-21 17:26:21,132: INFO: common: created directory at: artifacts/data_ingestion]
[2024-07-21 17:26:21,132: INFO: 1871518555: Downloading data from <module 'torchvision.datasets' from 'c:\\Users\\bohra\\anaconda3\\envs\\honey_mnist\\lib\\site-packages\\torchvision\\datasets\\__init__.py'> into folder ('artifacts/data_ingestion',),artifacts/data_ingestion]
[2024-07-21 17:27:42,636: INFO: common: yaml file: config\config.yaml loaded successfully]
[2024-07-21 17:27:42,642: INFO: common: yaml file: params.yaml loaded successfully]
[2024-07-21 17:27:42,645: INFO: common: created directory at: artifacts]
[2024-07-21 17:27:42,645: INFO: common: created directory at: artifacts/data_ingestion]
[2024-07-21 17:27:42,650: INFO: 132846848: Downloading data from <module 'torchvision.datasets' from 'c:\\Users\\bohra\\anaconda3\\envs\\honey_mnist\\lib\\site-packages\\torchvision\\datasets\\__init__.py'> into folder ('artifacts/data_ingestion',),artifacts/data_ingestion]
[2024-07-21 17:28:03,678: INFO: common: yaml file: config\config.yaml loaded successfully]
[2024-07-21 17:28:03,680: INFO: common: yaml file: params.yaml loaded successfully]
[2024-07-21 17:28:03,680: INFO: common: created directory at: artifacts]
[2024-07-21 17:28:03,686: INFO: common: created directory at: artifacts/data_ingestion]
[2024-07-21 17:28:03,688: INFO: 132846848: Downloading data from <module 'torchvision.datasets' from 'c:\\Users\\bohra\\anaconda3\\envs\\honey_mnist\\lib\\site-packages\\torchvision\\datasets\\__init__.py'> into folder ('artifacts/data_ingestion',),artifacts/data_ingestion]
[2024-07-21 17:28:30,842: INFO: common: yaml file: config\config.yaml loaded successfully]
[2024-07-21 17:28:30,845: INFO: common: yaml file: params.yaml loaded successfully]
[2024-07-21 17:28:30,846: INFO: common: created directory at: artifacts]
[2024-07-21 17:28:30,848: INFO: common: created directory at: artifacts/data_ingestion]
[2024-07-21 17:28:30,849: INFO: 3276001153: Downloading data from <module 'torchvision.datasets' from 'c:\\Users\\bohra\\anaconda3\\envs\\honey_mnist\\lib\\site-packages\\torchvision\\datasets\\__init__.py'> into folder ('artifacts/data_ingestion',),artifacts/data_ingestion]
[2024-07-21 17:28:54,447: INFO: common: yaml file: config\config.yaml loaded successfully]
[2024-07-21 17:28:54,461: INFO: common: yaml file: params.yaml loaded successfully]
[2024-07-21 17:28:54,467: INFO: common: created directory at: artifacts]
[2024-07-21 17:28:54,467: INFO: common: created directory at: artifacts/data_ingestion]
[2024-07-21 17:28:54,467: INFO: 3276001153: Downloading data from <module 'torchvision.datasets' from 'c:\\Users\\bohra\\anaconda3\\envs\\honey_mnist\\lib\\site-packages\\torchvision\\datasets\\__init__.py'> into folder ('artifacts/data_ingestion',),artifacts/data_ingestion]
[2024-07-21 17:29:59,666: INFO: common: yaml file: config\config.yaml loaded successfully]
[2024-07-21 17:29:59,670: INFO: common: yaml file: params.yaml loaded successfully]
[2024-07-21 17:29:59,671: INFO: common: created directory at: artifacts]
[2024-07-21 17:29:59,674: INFO: 3276001153: Downloading data from <module 'torchvision.datasets' from 'c:\\Users\\bohra\\anaconda3\\envs\\honey_mnist\\lib\\site-packages\\torchvision\\datasets\\__init__.py'> into folder ('artifacts/data_ingestion',),artifacts/data_ingestion]
[2024-07-21 17:31:11,174: INFO: common: yaml file: config\config.yaml loaded successfully]
[2024-07-21 17:31:11,181: INFO: common: yaml file: params.yaml loaded successfully]
[2024-07-21 17:31:11,181: INFO: common: created directory at: artifacts]
[2024-07-21 17:31:11,181: INFO: 1058118621: Downloading data from <module 'torchvision.datasets' from 'c:\\Users\\bohra\\anaconda3\\envs\\honey_mnist\\lib\\site-packages\\torchvision\\datasets\\__init__.py'> into folder ('artifacts/data_ingestion',),artifacts/data_ingestion]
[2024-07-21 17:32:26,096: INFO: common: yaml file: config\config.yaml loaded successfully]
[2024-07-21 17:32:26,099: INFO: common: yaml file: params.yaml loaded successfully]
[2024-07-21 17:32:26,099: INFO: 1058118621: Downloading data from <module 'torchvision.datasets' from 'c:\\Users\\bohra\\anaconda3\\envs\\honey_mnist\\lib\\site-packages\\torchvision\\datasets\\__init__.py'> into folder ('artifacts/data_ingestion',),artifacts/data_ingestion]
[2024-07-21 17:34:56,201: INFO: common: yaml file: config\config.yaml loaded successfully]
[2024-07-21 17:34:56,210: INFO: common: yaml file: params.yaml loaded successfully]
[2024-07-21 17:34:56,211: INFO: 330922119: Downloading data from <module 'torchvision.datasets' from 'c:\\Users\\bohra\\anaconda3\\envs\\honey_mnist\\lib\\site-packages\\torchvision\\datasets\\__init__.py'> into folder artifacts/data_ingestion,artifacts/data_ingestion]
[2024-07-21 17:36:53,888: INFO: common: yaml file: config\config.yaml loaded successfully]
[2024-07-21 17:36:53,890: INFO: common: yaml file: params.yaml loaded successfully]
[2024-07-21 17:36:53,893: INFO: common: created directory at: artifacts]
[2024-07-21 17:36:53,893: INFO: common: created directory at: artifacts/data_ingestion]
[2024-07-21 17:36:53,897: INFO: 2364709612: Downloading data from <module 'torchvision.datasets' from 'c:\\Users\\bohra\\anaconda3\\envs\\honey_mnist\\lib\\site-packages\\torchvision\\datasets\\__init__.py'> into folder artifacts/data_ingestion/train_data,artifacts/data_ingestion/test_data]
[2024-07-21 17:45:48,627: INFO: 2364709612: Downloaded data from <module 'torchvision.datasets' from 'c:\\Users\\bohra\\anaconda3\\envs\\honey_mnist\\lib\\site-packages\\torchvision\\datasets\\__init__.py'> into folder artifacts/data_ingestion/train_data,artifacts/data_ingestion/test_data]
[2024-07-21 18:09:34,116: INFO: main: >>>>>> stage Data Ingestion stage started <<<<<<]
[2024-07-21 18:09:34,116: INFO: common: yaml file: config\config.yaml loaded successfully]
[2024-07-21 18:09:34,128: INFO: common: yaml file: params.yaml loaded successfully]
[2024-07-21 18:09:34,128: INFO: common: created directory at: artifacts]
[2024-07-21 18:09:34,128: INFO: common: created directory at: artifacts/data_ingestion]
[2024-07-21 18:09:34,128: INFO: data_ingestion: Downloading data from <module 'torchvision.datasets' from 'C:\\Users\\bohra\\anaconda3\\envs\\honey_mnist\\lib\\site-packages\\torchvision\\datasets\\__init__.py'> into folder artifacts/data_ingestion/train_data,artifacts/data_ingestion/test_data]
[2024-07-21 18:09:34,128: ERROR: main: name 'transform_train' is not defined]
Traceback (most recent call last):
  File "c:\Users\bohra\Mnist_fashion_model\main.py", line 10, in <module>
    obj.main()
  File "c:\users\bohra\mnist_fashion_model\src\cnnClassifier\pipeline\stage_01_data_ingestion.py", line 16, in main
    data_ingestion.download_file()
  File "c:\users\bohra\mnist_fashion_model\src\cnnClassifier\components\data_ingestion.py", line 28, in download_file
    raise e
  File "c:\users\bohra\mnist_fashion_model\src\cnnClassifier\components\data_ingestion.py", line 22, in download_file
    torchvision.datasets.FashionMNIST(train_data, download=True,transform=transform_train)
NameError: name 'transform_train' is not defined
[2024-07-21 18:11:18,415: INFO: main: >>>>>> stage Data Ingestion stage started <<<<<<]
[2024-07-21 18:11:18,419: INFO: common: yaml file: config\config.yaml loaded successfully]
[2024-07-21 18:11:18,423: INFO: common: yaml file: params.yaml loaded successfully]
[2024-07-21 18:11:18,423: INFO: common: created directory at: artifacts]
[2024-07-21 18:11:18,423: INFO: common: created directory at: artifacts/data_ingestion]
[2024-07-21 18:11:18,423: INFO: data_ingestion: Downloading data from <module 'torchvision.datasets' from 'C:\\Users\\bohra\\anaconda3\\envs\\honey_mnist\\lib\\site-packages\\torchvision\\datasets\\__init__.py'> into folder artifacts/data_ingestion/train_data,artifacts/data_ingestion/test_data]
[2024-07-21 18:11:18,494: INFO: data_ingestion: Downloaded data from <module 'torchvision.datasets' from 'C:\\Users\\bohra\\anaconda3\\envs\\honey_mnist\\lib\\site-packages\\torchvision\\datasets\\__init__.py'> into folder artifacts/data_ingestion/train_data,artifacts/data_ingestion/test_data]
[2024-07-21 18:11:18,494: INFO: main: >>>>>> stage Data Ingestion stage completed <<<<<<

x==========x]
[2024-07-21 18:11:50,160: INFO: main: >>>>>> stage Data Ingestion stage started <<<<<<]
[2024-07-21 18:11:50,161: INFO: common: yaml file: config\config.yaml loaded successfully]
[2024-07-21 18:11:50,164: INFO: common: yaml file: params.yaml loaded successfully]
[2024-07-21 18:11:50,164: INFO: common: created directory at: artifacts]
[2024-07-21 18:11:50,164: INFO: common: created directory at: artifacts/data_ingestion]
[2024-07-21 18:11:50,169: INFO: data_ingestion: Downloading data from <module 'torchvision.datasets' from 'C:\\Users\\bohra\\anaconda3\\envs\\honey_mnist\\lib\\site-packages\\torchvision\\datasets\\__init__.py'> into folder artifacts/data_ingestion/train_data,artifacts/data_ingestion/test_data]
[2024-07-21 18:11:50,285: INFO: data_ingestion: Downloaded data from <module 'torchvision.datasets' from 'C:\\Users\\bohra\\anaconda3\\envs\\honey_mnist\\lib\\site-packages\\torchvision\\datasets\\__init__.py'> into folder artifacts/data_ingestion/train_data,artifacts/data_ingestion/test_data]
[2024-07-21 18:11:50,288: INFO: main: >>>>>> stage Data Ingestion stage completed <<<<<<

x==========x]
[2024-07-21 18:13:18,958: INFO: main: >>>>>> stage Data Ingestion stage started <<<<<<]
[2024-07-21 18:13:18,958: INFO: common: yaml file: config\config.yaml loaded successfully]
[2024-07-21 18:13:18,958: INFO: common: yaml file: params.yaml loaded successfully]
[2024-07-21 18:13:18,958: INFO: common: created directory at: artifacts]
[2024-07-21 18:13:18,974: INFO: common: created directory at: artifacts/data_ingestion]
[2024-07-21 18:13:18,978: INFO: data_ingestion: Downloading data from <module 'torchvision.datasets' from 'C:\\Users\\bohra\\anaconda3\\envs\\honey_mnist\\lib\\site-packages\\torchvision\\datasets\\__init__.py'> into folder artifacts/data_ingestion/train_data,artifacts/data_ingestion/test_data]
[2024-07-21 18:20:07,095: INFO: data_ingestion: Downloaded data from <module 'torchvision.datasets' from 'C:\\Users\\bohra\\anaconda3\\envs\\honey_mnist\\lib\\site-packages\\torchvision\\datasets\\__init__.py'> into folder artifacts/data_ingestion/train_data,artifacts/data_ingestion/test_data]
[2024-07-21 18:20:07,095: INFO: main: >>>>>> stage Data Ingestion stage completed <<<<<<

x==========x]
[2024-07-21 19:04:45,398: INFO: common: yaml file: config\config.yaml loaded successfully]
[2024-07-21 19:04:45,399: INFO: common: yaml file: params.yaml loaded successfully]
[2024-07-21 19:04:45,410: INFO: common: created directory at: artifacts]
[2024-07-21 19:04:45,411: INFO: common: created directory at: artifacts/prepare_base_model]
[2024-07-21 19:05:40,315: INFO: common: yaml file: config\config.yaml loaded successfully]
[2024-07-21 19:05:40,322: INFO: common: yaml file: params.yaml loaded successfully]
[2024-07-21 19:05:40,323: INFO: common: created directory at: artifacts]
[2024-07-21 19:05:40,324: INFO: common: created directory at: artifacts/prepare_base_model]
[2024-07-21 19:07:19,828: INFO: common: yaml file: config\config.yaml loaded successfully]
[2024-07-21 19:07:19,828: INFO: common: yaml file: params.yaml loaded successfully]
[2024-07-21 19:07:19,828: INFO: common: created directory at: artifacts]
[2024-07-21 19:07:19,828: INFO: common: created directory at: artifacts/prepare_base_model]
[2024-07-21 19:08:44,760: INFO: common: yaml file: config\config.yaml loaded successfully]
[2024-07-21 19:08:44,768: INFO: common: yaml file: params.yaml loaded successfully]
[2024-07-21 19:08:44,770: INFO: common: created directory at: artifacts]
[2024-07-21 19:08:44,770: INFO: common: created directory at: artifacts/prepare_base_model]
